TN:
SF:app.js
FN:21,(anonymous_0)
FN:28,(anonymous_1)
FNF:2
FNH:1
FNDA:0,(anonymous_0)
FNDA:4,(anonymous_1)
DA:4,2
DA:6,2
DA:7,2
DA:9,2
DA:12,2
DA:13,2
DA:15,2
DA:16,2
DA:21,2
DA:22,0
DA:23,0
DA:28,2
DA:29,4
DA:31,4
DA:38,2
LF:15
LH:13
BRDA:29,0,0,4
BRDA:29,0,1,0
BRF:2
BRH:1
end_of_record
TN:
SF:db.js
FNF:0
FNH:0
DA:1,2
DA:4,2
DA:5,2
DA:10,2
DA:12,2
DA:13,2
DA:15,0
DA:18,2
DA:22,2
DA:24,2
LF:10
LH:9
BRDA:12,0,0,2
BRDA:12,0,1,0
BRF:2
BRH:1
end_of_record
TN:
SF:expressError.js
FN:8,(anonymous_0)
FNF:1
FNH:1
FNDA:4,(anonymous_0)
DA:9,4
DA:10,4
DA:11,4
DA:12,4
DA:17,2
LF:5
LH:5
BRF:0
BRH:0
end_of_record
TN:
SF:routes/companies.js
FN:6,(anonymous_0)
FN:15,(anonymous_1)
FN:31,(anonymous_2)
FN:41,(anonymous_3)
FN:57,(anonymous_4)
FNF:5
FNH:5
FNDA:1,(anonymous_0)
FNDA:2,(anonymous_1)
FNDA:1,(anonymous_2)
FNDA:2,(anonymous_3)
FNDA:1,(anonymous_4)
DA:1,2
DA:2,2
DA:3,2
DA:4,2
DA:6,2
DA:7,1
DA:8,1
DA:9,1
DA:11,0
DA:15,2
DA:16,2
DA:17,2
DA:18,2
DA:19,2
DA:21,2
DA:22,1
DA:25,1
DA:27,1
DA:31,2
DA:32,1
DA:33,1
DA:34,1
DA:35,1
DA:37,0
DA:41,2
DA:42,2
DA:43,2
DA:44,2
DA:45,2
DA:47,2
DA:48,1
DA:51,1
DA:53,1
DA:57,2
DA:58,1
DA:59,1
DA:60,1
DA:61,1
DA:63,0
DA:68,2
LF:40
LH:37
BRDA:21,0,0,1
BRDA:21,0,1,1
BRDA:47,1,0,1
BRDA:47,1,1,1
BRF:4
BRH:4
end_of_record
TN:
SF:routes/invoices.js
FN:6,(anonymous_0)
FN:15,(anonymous_1)
FN:30,(anonymous_2)
FN:40,(anonymous_3)
FN:56,(anonymous_4)
FNF:5
FNH:5
FNDA:1,(anonymous_0)
FNDA:2,(anonymous_1)
FNDA:1,(anonymous_2)
FNDA:2,(anonymous_3)
FNDA:1,(anonymous_4)
DA:1,2
DA:2,2
DA:3,2
DA:4,2
DA:6,2
DA:7,1
DA:8,1
DA:9,1
DA:11,0
DA:15,2
DA:16,2
DA:17,2
DA:18,2
DA:20,2
DA:21,1
DA:24,1
DA:26,1
DA:30,2
DA:31,1
DA:32,1
DA:33,1
DA:34,1
DA:36,0
DA:40,2
DA:41,2
DA:42,2
DA:43,2
DA:44,2
DA:46,2
DA:47,1
DA:50,1
DA:52,1
DA:56,2
DA:57,1
DA:58,1
DA:59,1
DA:60,1
DA:62,0
DA:67,2
LF:39
LH:36
BRDA:20,0,0,1
BRDA:20,0,1,1
BRDA:46,1,0,1
BRDA:46,1,1,1
BRF:4
BRH:4
end_of_record
